==24131== Memcheck, a memory error detector
==24131== Copyright (C) 2002-2013, and GNU GPL'd, by Julian Seward et al.
==24131== Using Valgrind-3.9.0 and LibVEX; rerun with -h for copyright info
==24131== Command: ./test/test_horst
==24131== Parent PID: 12092
==24131== 
==24131== Conditional jump or move depends on uninitialised value(s)
==24131==    at 0x40177C1: index (strchr.S:40)
==24131==    by 0x400740D: expand_dynamic_string_token (dl-load.c:425)
==24131==    by 0x400759B: fillin_rpath (dl-load.c:495)
==24131==    by 0x4007D29: _dl_init_paths (dl-load.c:872)
==24131==    by 0x4002BC9: dl_main (rtld.c:1349)
==24131==    by 0x4015334: _dl_sysdep_start (dl-sysdep.c:249)
==24131==    by 0x4004A35: _dl_start (rtld.c:332)
==24131==    by 0x4001197: ??? (in /lib/x86_64-linux-gnu/ld-2.19.so)
==24131== 
==24131== Conditional jump or move depends on uninitialised value(s)
==24131==    at 0x4017834: index (strchr.S:77)
==24131==    by 0x400740D: expand_dynamic_string_token (dl-load.c:425)
==24131==    by 0x400803D: _dl_map_object (dl-load.c:2538)
==24131==    by 0x400137D: map_doit (rtld.c:627)
==24131==    by 0x400E8E3: _dl_catch_error (dl-error.c:187)
==24131==    by 0x4000B2E: do_preload (rtld.c:816)
==24131==    by 0x4004147: dl_main (rtld.c:1635)
==24131==    by 0x4015334: _dl_sysdep_start (dl-sysdep.c:249)
==24131==    by 0x4004A35: _dl_start (rtld.c:332)
==24131==    by 0x4001197: ??? (in /lib/x86_64-linux-gnu/ld-2.19.so)
==24131== 
==24131== 
==24131== HEAP SUMMARY:
==24131==     in use at exit: 0 bytes in 0 blocks
==24131==   total heap usage: 0 allocs, 0 frees, 0 bytes allocated
==24131== 
==24131== All heap blocks were freed -- no leaks are possible
==24131== 
==24131== For counts of detected and suppressed errors, rerun with: -v
==24131== Use --track-origins=yes to see where uninitialised values come from
==24131== ERROR SUMMARY: 2 errors from 2 contexts (suppressed: 0 from 0)
